<?xml version="1.0" encoding="UTF-8"?>
<testng-results ignored="0" total="4" passed="4" failed="0" skipped="0">
  <reporter-output>
  </reporter-output>
  <suite started-at="2023-05-20T21:11:56 BST" name="Default suite" finished-at="2023-05-20T21:11:56 BST" duration-ms="59">
    <groups>
    </groups>
    <test started-at="2023-05-20T21:11:56 BST" name="Default test" finished-at="2023-05-20T21:11:56 BST" duration-ms="59">
      <class name="GeometryTest.GeometryTest">
        <test-method signature="testAreaRect1()[pri:0, instance:GeometryTest.GeometryTest@7adda9cc]" started-at="2023-05-20T21:11:56 BST" name="testAreaRect1" finished-at="2023-05-20T21:11:56 BST" duration-ms="13" status="PASS">
          <reporter-output>
          </reporter-output>
        </test-method> <!-- testAreaRect1 -->
        <test-method signature="testAreaRect2()[pri:0, instance:GeometryTest.GeometryTest@7adda9cc]" started-at="2023-05-20T21:11:56 BST" name="testAreaRect2" finished-at="2023-05-20T21:11:56 BST" duration-ms="2" status="PASS">
          <reporter-output>
          </reporter-output>
        </test-method> <!-- testAreaRect2 -->
        <test-method signature="testAreaRect3()[pri:0, instance:GeometryTest.GeometryTest@7adda9cc]" started-at="2023-05-20T21:11:56 BST" name="testAreaRect3" finished-at="2023-05-20T21:11:56 BST" duration-ms="1" status="PASS">
          <reporter-output>
          </reporter-output>
        </test-method> <!-- testAreaRect3 -->
        <test-method signature="testAreaRect4()[pri:0, instance:GeometryTest.GeometryTest@7adda9cc]" started-at="2023-05-20T21:11:56 BST" name="testAreaRect4" finished-at="2023-05-20T21:11:56 BST" duration-ms="1" status="PASS">
          <reporter-output>
          </reporter-output>
        </test-method> <!-- testAreaRect4 -->
      </class> <!-- GeometryTest.GeometryTest -->
    </test> <!-- Default test -->
  </suite> <!-- Default suite -->
</testng-results>
