<?xml version="1.0" encoding="UTF-8"?>
<!-- Generated by org.testng.reporters.JUnitXMLReporter -->
<testsuite ignored="0" hostname="DESKTOP-4P9T3E0" failures="0" tests="4" name="Default test" time="0.059" errors="0" timestamp="2023-05-20T21:11:56 BST">
  <testcase classname="GeometryTest.GeometryTest" name="testAreaRect1" time="0.013"/>
  <testcase classname="GeometryTest.GeometryTest" name="testAreaRect2" time="0.002"/>
  <testcase classname="GeometryTest.GeometryTest" name="testAreaRect3" time="0.001"/>
  <testcase classname="GeometryTest.GeometryTest" name="testAreaRect4" time="0.001"/>
</testsuite> <!-- Default test -->
